<?xml version="1.0" encoding="UTF-8"?>
<testsuites>
  <testsuite name="unit" tests="18" assertions="14" errors="2" warnings="2" failures="0" skipped="0" time="1.230420">
    <testsuite name="DatabaseWrapperTest" file="/home/p3t-user/PhpstormProjects/SecureWebAppDevelopment/tests/unit/private/app/src/DatabaseWrapperTest.php" tests="1" assertions="0" errors="1" warnings="0" failures="0" skipped="0" time="0.006817">
      <testcase name="testdbConnection" class="DatabaseWrapperTest" classname="DatabaseWrapperTest" file="/home/p3t-user/PhpstormProjects/SecureWebAppDevelopment/tests/unit/private/app/src/DatabaseWrapperTest.php" line="10" assertions="0" time="0.006817">
        <error type="ArgumentCountError">DatabaseWrapperTest::testdbConnection
ArgumentCountError: Too few arguments to function secureWebAppCoursework\DatabaseWrapper::setDatabaseConnectionSettings(), 0 passed in /home/p3t-user/PhpstormProjects/SecureWebAppDevelopment/tests/unit/private/app/src/DatabaseWrapperTest.php on line 12 and exactly 1 expected

/home/p3t-user/PhpstormProjects/SecureWebAppDevelopment/private/app/src/DatabaseWrapper.php:35
/home/p3t-user/PhpstormProjects/SecureWebAppDevelopment/tests/unit/private/app/src/DatabaseWrapperTest.php:12
</error>
      </testcase>
    </testsuite>
    <testsuite name="ProcessOutputTest" file="/home/p3t-user/PhpstormProjects/SecureWebAppDevelopment/tests/unit/private/app/src/ProcessOutputTest.php" tests="1" assertions="0" errors="0" warnings="1" failures="0" skipped="0" time="0.000802">
      <testcase name="Warning" assertions="0" time="0.000802">
        <warning type="PHPUnit\Framework\Warning">Warning
No tests found in class "ProcessOutputTest".

</warning>
      </testcase>
    </testsuite>
    <testsuite name="SQLQueriesTest" file="/home/p3t-user/PhpstormProjects/SecureWebAppDevelopment/tests/unit/private/app/src/SQLQueriesTest.php" tests="4" assertions="4" errors="0" warnings="0" failures="0" skipped="0" time="0.012385">
      <testcase name="testStoreUserLoginLog" class="SQLQueriesTest" classname="SQLQueriesTest" file="/home/p3t-user/PhpstormProjects/SecureWebAppDevelopment/tests/unit/private/app/src/SQLQueriesTest.php" line="9" assertions="1" time="0.004296"/>
      <testcase name="testCreateNewUser" class="SQLQueriesTest" classname="SQLQueriesTest" file="/home/p3t-user/PhpstormProjects/SecureWebAppDevelopment/tests/unit/private/app/src/SQLQueriesTest.php" line="17" assertions="1" time="0.002583"/>
      <testcase name="testGetUserID" class="SQLQueriesTest" classname="SQLQueriesTest" file="/home/p3t-user/PhpstormProjects/SecureWebAppDevelopment/tests/unit/private/app/src/SQLQueriesTest.php" line="25" assertions="1" time="0.002782"/>
      <testcase name="testGetUserEmail" class="SQLQueriesTest" classname="SQLQueriesTest" file="/home/p3t-user/PhpstormProjects/SecureWebAppDevelopment/tests/unit/private/app/src/SQLQueriesTest.php" line="33" assertions="1" time="0.002724"/>
    </testsuite>
    <testsuite name="SecureWebAppModelTest" file="/home/p3t-user/PhpstormProjects/SecureWebAppDevelopment/tests/unit/private/app/src/SecureWebAppModelTest.php" tests="1" assertions="0" errors="1" warnings="0" failures="0" skipped="0" time="0.003731">
      <testcase name="testTrueSelectDetail" class="SecureWebAppModelTest" classname="SecureWebAppModelTest" file="/home/p3t-user/PhpstormProjects/SecureWebAppDevelopment/tests/unit/private/app/src/SecureWebAppModelTest.php" line="18" assertions="0" time="0.003731">
        <error type="Error">SecureWebAppModelTest::testTrueSelectDetail
Error: Call to private method secureWebAppCoursework\SecureWebAppModel::selectDetail() from context 'SecureWebAppModelTest'

/home/p3t-user/PhpstormProjects/SecureWebAppDevelopment/tests/unit/private/app/src/SecureWebAppModelTest.php:27
</error>
      </testcase>
    </testsuite>
    <testsuite name="SoapWrapperTest" file="/home/p3t-user/PhpstormProjects/SecureWebAppDevelopment/tests/unit/private/app/src/SoapWrapperTest.php" tests="2" assertions="2" errors="0" warnings="0" failures="0" skipped="0" time="1.184539">
      <testcase name="testCreateSoapClient" class="SoapWrapperTest" classname="SoapWrapperTest" file="/home/p3t-user/PhpstormProjects/SecureWebAppDevelopment/tests/unit/private/app/src/SoapWrapperTest.php" line="9" assertions="1" time="0.004605">
        <system-out>&lt;pre class='xdebug-var-dump' dir='ltr'&gt;
&lt;small&gt;/home/p3t-user/PhpstormProjects/SecureWebAppDevelopment/private/app/src/SoapWrapper.php:31:&lt;/small&gt;
&lt;b&gt;array&lt;/b&gt; &lt;i&gt;(size=11)&lt;/i&gt;
  0 &lt;font color='#888a85'&gt;=&amp;gt;&lt;/font&gt; &lt;small&gt;string&lt;/small&gt; &lt;font color='#cc0000'&gt;'int sendMessage(string $username, string $password, string $deviceMSISDN, string $message, boolean $deliveryReport, string $mtBearer)'&lt;/font&gt; &lt;i&gt;(length=133)&lt;/i&gt;
  1 &lt;font color='#888a85'&gt;=&amp;gt;&lt;/font&gt; &lt;small&gt;string&lt;/small&gt; &lt;font color='#cc0000'&gt;'ArrayOf_xsd_string readMessages(string $username, string $password, int $count, string $deviceMsisdn, string $countryCode)'&lt;/font&gt; &lt;i&gt;(length=122)&lt;/i&gt;
  2 &lt;font color='#888a85'&gt;=&amp;gt;&lt;/font&gt; &lt;small&gt;string&lt;/small&gt; &lt;font color='#cc0000'&gt;'boolean flushMessages(string $username, string $password, string $deviceMSISDN, string $countryCode)'&lt;/font&gt; &lt;i&gt;(length=100)&lt;/i&gt;
  3 &lt;font color='#888a85'&gt;=&amp;gt;&lt;/font&gt; &lt;small&gt;string&lt;/small&gt; &lt;font color='#cc0000'&gt;'ArrayOf_xsd_string getDeliveryReports(string $username, string $password, string $deviceMSISDN, string $countryCode)'&lt;/font&gt; &lt;i&gt;(length=116)&lt;/i&gt;
  4 &lt;font color='#888a85'&gt;=&amp;gt;&lt;/font&gt; &lt;small&gt;string&lt;/small&gt; &lt;font color='#cc0000'&gt;'ArrayOf_xsd_string waitForMessage(string $username, string $password, int $timeout, string $deviceMSISDN, int $msgref, string $countryCode)'&lt;/font&gt; &lt;i&gt;(length=139)&lt;/i&gt;
  5 &lt;font color='#888a85'&gt;=&amp;gt;&lt;/font&gt; &lt;small&gt;string&lt;/small&gt; &lt;font color='#cc0000'&gt;'int sendMessageWithValidityPeriod(string $username, string $password, string $deviceMSISDN, string $message, boolean $deliveryReport, string $mtBearer, string $binarySmsDcs, string $validityDaysHoursMins)'&lt;/font&gt; &lt;i&gt;(length=204)&lt;/i&gt;
  6 &lt;font color='#888a85'&gt;=&amp;gt;&lt;/font&gt; &lt;small&gt;string&lt;/small&gt; &lt;font color='#cc0000'&gt;'int sendBinarySmsMessage(string $username, string $password, string $deviceMSISDN, string $message, boolean $deliveryReport, string $mtBearer, string $binarySmsDcs)'&lt;/font&gt; &lt;i&gt;(length=164)&lt;/i&gt;
  7 &lt;font color='#888a85'&gt;=&amp;gt;&lt;/font&gt; &lt;small&gt;string&lt;/small&gt; &lt;font color='#cc0000'&gt;'ArrayOf_xsd_string sendAndWait(string $username, string $password, int $timeout, string $deviceMSISDN, string $message, boolean $deliveryReport, string $mtBearer)'&lt;/font&gt; &lt;i&gt;(length=162)&lt;/i&gt;
  8 &lt;font color='#888a85'&gt;=&amp;gt;&lt;/font&gt; &lt;small&gt;string&lt;/small&gt; &lt;font color='#cc0000'&gt;'ArrayOf_xsd_string sendBinarySmsAndWait(string $username, string $password, int $timeout, string $deviceMSISDN, string $message, boolean $deliveryReport, string $mtBearer, string $binarySmsDcs)'&lt;/font&gt; &lt;i&gt;(length=193)&lt;/i&gt;
  9 &lt;font color='#888a85'&gt;=&amp;gt;&lt;/font&gt; &lt;small&gt;string&lt;/small&gt; &lt;font color='#cc0000'&gt;'ArrayOf_xsd_string peekMessages(string $username, string $password, int $count, string $deviceMsisdn, string $countryCode)'&lt;/font&gt; &lt;i&gt;(length=122)&lt;/i&gt;
  10 &lt;font color='#888a85'&gt;=&amp;gt;&lt;/font&gt; &lt;small&gt;string&lt;/small&gt; &lt;font color='#cc0000'&gt;'ArrayOf_xsd_string getDeliveryReportsFromDate(string $username, string $password, string $deviceMSISDN, string $countryCode, string $fromDate)'&lt;/font&gt; &lt;i&gt;(length=142)&lt;/i&gt;
&lt;/pre&gt;</system-out>
      </testcase>
      <testcase name="testSuccessPerformSoapCall" class="SoapWrapperTest" classname="SoapWrapperTest" file="/home/p3t-user/PhpstormProjects/SecureWebAppDevelopment/tests/unit/private/app/src/SoapWrapperTest.php" line="22" assertions="1" time="1.179934">
        <system-out>&lt;pre class='xdebug-var-dump' dir='ltr'&gt;
&lt;small&gt;/home/p3t-user/PhpstormProjects/SecureWebAppDevelopment/private/app/src/SoapWrapper.php:31:&lt;/small&gt;
&lt;b&gt;array&lt;/b&gt; &lt;i&gt;(size=11)&lt;/i&gt;
  0 &lt;font color='#888a85'&gt;=&amp;gt;&lt;/font&gt; &lt;small&gt;string&lt;/small&gt; &lt;font color='#cc0000'&gt;'int sendMessage(string $username, string $password, string $deviceMSISDN, string $message, boolean $deliveryReport, string $mtBearer)'&lt;/font&gt; &lt;i&gt;(length=133)&lt;/i&gt;
  1 &lt;font color='#888a85'&gt;=&amp;gt;&lt;/font&gt; &lt;small&gt;string&lt;/small&gt; &lt;font color='#cc0000'&gt;'ArrayOf_xsd_string readMessages(string $username, string $password, int $count, string $deviceMsisdn, string $countryCode)'&lt;/font&gt; &lt;i&gt;(length=122)&lt;/i&gt;
  2 &lt;font color='#888a85'&gt;=&amp;gt;&lt;/font&gt; &lt;small&gt;string&lt;/small&gt; &lt;font color='#cc0000'&gt;'boolean flushMessages(string $username, string $password, string $deviceMSISDN, string $countryCode)'&lt;/font&gt; &lt;i&gt;(length=100)&lt;/i&gt;
  3 &lt;font color='#888a85'&gt;=&amp;gt;&lt;/font&gt; &lt;small&gt;string&lt;/small&gt; &lt;font color='#cc0000'&gt;'ArrayOf_xsd_string getDeliveryReports(string $username, string $password, string $deviceMSISDN, string $countryCode)'&lt;/font&gt; &lt;i&gt;(length=116)&lt;/i&gt;
  4 &lt;font color='#888a85'&gt;=&amp;gt;&lt;/font&gt; &lt;small&gt;string&lt;/small&gt; &lt;font color='#cc0000'&gt;'ArrayOf_xsd_string waitForMessage(string $username, string $password, int $timeout, string $deviceMSISDN, int $msgref, string $countryCode)'&lt;/font&gt; &lt;i&gt;(length=139)&lt;/i&gt;
  5 &lt;font color='#888a85'&gt;=&amp;gt;&lt;/font&gt; &lt;small&gt;string&lt;/small&gt; &lt;font color='#cc0000'&gt;'int sendMessageWithValidityPeriod(string $username, string $password, string $deviceMSISDN, string $message, boolean $deliveryReport, string $mtBearer, string $binarySmsDcs, string $validityDaysHoursMins)'&lt;/font&gt; &lt;i&gt;(length=204)&lt;/i&gt;
  6 &lt;font color='#888a85'&gt;=&amp;gt;&lt;/font&gt; &lt;small&gt;string&lt;/small&gt; &lt;font color='#cc0000'&gt;'int sendBinarySmsMessage(string $username, string $password, string $deviceMSISDN, string $message, boolean $deliveryReport, string $mtBearer, string $binarySmsDcs)'&lt;/font&gt; &lt;i&gt;(length=164)&lt;/i&gt;
  7 &lt;font color='#888a85'&gt;=&amp;gt;&lt;/font&gt; &lt;small&gt;string&lt;/small&gt; &lt;font color='#cc0000'&gt;'ArrayOf_xsd_string sendAndWait(string $username, string $password, int $timeout, string $deviceMSISDN, string $message, boolean $deliveryReport, string $mtBearer)'&lt;/font&gt; &lt;i&gt;(length=162)&lt;/i&gt;
  8 &lt;font color='#888a85'&gt;=&amp;gt;&lt;/font&gt; &lt;small&gt;string&lt;/small&gt; &lt;font color='#cc0000'&gt;'ArrayOf_xsd_string sendBinarySmsAndWait(string $username, string $password, int $timeout, string $deviceMSISDN, string $message, boolean $deliveryReport, string $mtBearer, string $binarySmsDcs)'&lt;/font&gt; &lt;i&gt;(length=193)&lt;/i&gt;
  9 &lt;font color='#888a85'&gt;=&amp;gt;&lt;/font&gt; &lt;small&gt;string&lt;/small&gt; &lt;font color='#cc0000'&gt;'ArrayOf_xsd_string peekMessages(string $username, string $password, int $count, string $deviceMsisdn, string $countryCode)'&lt;/font&gt; &lt;i&gt;(length=122)&lt;/i&gt;
  10 &lt;font color='#888a85'&gt;=&amp;gt;&lt;/font&gt; &lt;small&gt;string&lt;/small&gt; &lt;font color='#cc0000'&gt;'ArrayOf_xsd_string getDeliveryReportsFromDate(string $username, string $password, string $deviceMSISDN, string $countryCode, string $fromDate)'&lt;/font&gt; &lt;i&gt;(length=142)&lt;/i&gt;
&lt;/pre&gt;</system-out>
      </testcase>
    </testsuite>
    <testsuite name="ValidatorTest" file="/home/p3t-user/PhpstormProjects/SecureWebAppDevelopment/tests/unit/private/app/src/ValidatorTest.php" tests="6" assertions="6" errors="0" warnings="0" failures="0" skipped="0" time="0.015634">
      <testcase name="testTrueValidateDetailType" class="ValidatorTest" classname="ValidatorTest" file="/home/p3t-user/PhpstormProjects/SecureWebAppDevelopment/tests/unit/private/app/src/ValidatorTest.php" line="9" assertions="1" time="0.002961"/>
      <testcase name="testFalseValidateDetailType" class="ValidatorTest" classname="ValidatorTest" file="/home/p3t-user/PhpstormProjects/SecureWebAppDevelopment/tests/unit/private/app/src/ValidatorTest.php" line="14" assertions="1" time="0.002430"/>
      <testcase name="testTrueValidateDownloadedData" class="ValidatorTest" classname="ValidatorTest" file="/home/p3t-user/PhpstormProjects/SecureWebAppDevelopment/tests/unit/private/app/src/ValidatorTest.php" line="20" assertions="1" time="0.002451"/>
      <testcase name="testFalseValidateDownloadedData" class="ValidatorTest" classname="ValidatorTest" file="/home/p3t-user/PhpstormProjects/SecureWebAppDevelopment/tests/unit/private/app/src/ValidatorTest.php" line="25" assertions="1" time="0.002556"/>
      <testcase name="testTrueSanitiseString" class="ValidatorTest" classname="ValidatorTest" file="/home/p3t-user/PhpstormProjects/SecureWebAppDevelopment/tests/unit/private/app/src/ValidatorTest.php" line="31" assertions="1" time="0.002643"/>
      <testcase name="testFalseSanitiseString" class="ValidatorTest" classname="ValidatorTest" file="/home/p3t-user/PhpstormProjects/SecureWebAppDevelopment/tests/unit/private/app/src/ValidatorTest.php" line="36" assertions="1" time="0.002593"/>
    </testsuite>
    <testsuite name="XmlParserTest" file="/home/p3t-user/PhpstormProjects/SecureWebAppDevelopment/tests/unit/private/app/src/XmlParserTest.php" tests="2" assertions="2" errors="0" warnings="0" failures="0" skipped="0" time="0.006234">
      <testcase name="testXMLConstruct" class="XmlParserTest" classname="XmlParserTest" file="/home/p3t-user/PhpstormProjects/SecureWebAppDevelopment/tests/unit/private/app/src/XmlParserTest.php" line="9" assertions="1" time="0.003209"/>
      <testcase name="testSetXmlStringToParseAndParsing" class="XmlParserTest" classname="XmlParserTest" file="/home/p3t-user/PhpstormProjects/SecureWebAppDevelopment/tests/unit/private/app/src/XmlParserTest.php" line="16" assertions="1" time="0.003025"/>
    </testsuite>
    <testsuite name="bootstrapTest" file="/home/p3t-user/PhpstormProjects/SecureWebAppDevelopment/tests/unit/private/bootstrapTest.php" tests="1" assertions="0" errors="0" warnings="1" failures="0" skipped="0" time="0.000278">
      <testcase name="Warning" assertions="0" time="0.000278">
        <warning type="PHPUnit\Framework\Warning">Warning
No tests found in class "bootstrapTest".

</warning>
      </testcase>
    </testsuite>
  </testsuite>
</testsuites>
